<?xml version="1.0" encoding="UTF-8"?>
<!-- Generated by org.testng.reporters.JUnitXMLReporter -->
<testsuite ignored="0" hostname="DESKTOP-AUP80CB" failures="0" tests="3" name="Test(failed)" time="29.981" errors="0" timestamp="2020-09-05T19:27:02 PDT">
  <testcase classname="com.inetBanking.testCases.TC_LoginDDT_002" name="loginDDT" time="8.67"/>
  <testcase classname="com.inetBanking.testCases.TC_LoginDDT_002" name="loginDDT" time="8.284"/>
  <testcase classname="com.inetBanking.testCases.TC_LoginDDT_002" name="loginDDT" time="8.296"/>
</testsuite> <!-- Test(failed) -->
