<?xml version="1.0" encoding="UTF-8"?>
<testsuite name="TestSuite" time="33.953" tests="7" errors="0" skipped="0" failures="3">
  <properties>
[...]
</properties>
  <testcase name="loginTest" classname="com.inetBanking.testCases.TC_LoginTest_001" time="3.95"/>
  <testcase name="loginDDT" classname="com.inetBanking.testCases.TC_LoginDDT_002" time="8.792"/>
  <testcase name="loginDDT" classname="com.inetBanking.testCases.TC_LoginDDT_002" time="4.439">
    <failure type="junit.framework.AssertionFailedError:">junit.framework.AssertionFailedError: null
	at junit.framework.Assert.fail(Assert.java:47)
	at junit.framework.Assert.assertTrue(Assert.java:20)
	at junit.framework.Assert.assertTrue(Assert.java:27)
	at com.inetBanking.testCases.TC_LoginDDT_002.loginDDT(TC_LoginDDT_002.java:32)
</failure>
  </testcase>
  <testcase name="loginDDT" classname="com.inetBanking.testCases.TC_LoginDDT_002" time="4.338">
    <failure type="junit.framework.AssertionFailedError:">junit.framework.AssertionFailedError: null
	at junit.framework.Assert.fail(Assert.java:47)
	at junit.framework.Assert.assertTrue(Assert.java:20)
	at junit.framework.Assert.assertTrue(Assert.java:27)
	at com.inetBanking.testCases.TC_LoginDDT_002.loginDDT(TC_LoginDDT_002.java:32)
</failure>
  </testcase>
  <testcase name="loginDDT" classname="com.inetBanking.testCases.TC_LoginDDT_002" time="8.401"/>
  <testcase name="loginDDT" classname="com.inetBanking.testCases.TC_LoginDDT_002" time="4.646">
    <failure type="junit.framework.AssertionFailedError:">junit.framework.AssertionFailedError: null
	at junit.framework.Assert.fail(Assert.java:47)
	at junit.framework.Assert.assertTrue(Assert.java:20)
	at junit.framework.Assert.assertTrue(Assert.java:27)
	at com.inetBanking.testCases.TC_LoginDDT_002.loginDDT(TC_LoginDDT_002.java:32)
</failure>
  </testcase>
  <testcase name="NewCustomerEntry" classname="com.inetBanking.testCases.TC_NewCustomer_003" time="21.211"/>
</testsuite>